{"G:\\webdev\\The_Bookmark\\server\\models\\User.js": {"path":"G:\\webdev\\The_Bookmark\\server\\models\\User.js","statementMap":{"0":{"start":{"line":1,"column":35},"end":{"line":1,"column":54}},"1":{"start":{"line":2,"column":15},"end":{"line":2,"column":32}},"2":{"start":{"line":4,"column":19},"end":{"line":47,"column":1}},"3":{"start":{"line":49,"column":13},"end":{"line":49,"column":38}},"4":{"start":{"line":51,"column":0},"end":{"line":51,"column":22}}},"fnMap":{},"branchMap":{},"s":{"0":1,"1":1,"2":1,"3":1,"4":1},"f":{},"b":{},"_coverageSchema":"1a1c01bbd47fc00a2c39e90264f33305004495a9","hash":"8416a8f5583a6e57c1fff1258e693993c6204ca8"}
}
